2026-02-26 10:48:13,086 - INFO - \U0001f680 Pipeline started
2026-02-26 10:48:13,088 - INFO - Extracting weather data...
2026-02-26 10:48:13,395 - ERROR - \u274c Pipeline failed: API Request Failed
2026-02-26 10:49:49,382 - INFO - \U0001f680 Pipeline started
2026-02-26 10:49:49,383 - INFO - Extracting weather data...
2026-02-26 10:49:49,383 - ERROR - \u274c Pipeline failed: name 'CITY' is not defined
2026-02-26 10:50:56,620 - INFO - \U0001f680 Pipeline started
2026-02-26 10:50:56,620 - INFO - Extracting weather data...
2026-02-26 10:50:56,874 - ERROR - \u274c Pipeline failed: API Request Failed
2026-02-26 10:51:59,624 - INFO - \U0001f680 Pipeline started
2026-02-26 10:51:59,625 - INFO - Extracting weather data...
2026-02-26 10:51:59,840 - ERROR - \u274c Pipeline failed: 401 Client Error: Unauthorized for url: https://api.openweathermap.org/data/2.5/weather?q=Mumbai&appid=4412761941121873e55d635a816dbfba&units=metric
2026-02-26 10:53:55,608 - INFO - \U0001f680 Pipeline started
2026-02-26 10:53:55,608 - INFO - Extracting weather data...
2026-02-26 10:53:55,820 - ERROR - \u274c Pipeline failed: 401 Client Error: Unauthorized for url: https://api.openweathermap.org/data/2.5/weather?q=Mumbai&appid=387d6543a9709c2e774f17f811d5bd18&units=metric
2026-02-26 10:57:03,872 - INFO - \U0001f680 Pipeline started
2026-02-26 10:57:03,873 - INFO - Extracting weather data...
2026-02-26 10:57:04,103 - ERROR - \u274c Pipeline failed: 401 Client Error: Unauthorized for url: https://api.openweathermap.org/data/2.5/weather?q=Mumbai&appid=387d6543a9709c2e774f17f811d5bd18&units=metric
2026-02-26 11:10:42,497 - INFO - \U0001f680 Pipeline started
2026-02-26 11:10:42,498 - INFO - Extracting weather data...
2026-02-26 11:10:42,993 - ERROR - \u274c Pipeline failed: 401 Client Error: Unauthorized for url: http://api.weatherapi.com/v1/current.json?key=387d6543a9709c2e774f17f811d5bd18&q=Mumbai
2026-02-26 11:14:43,588 - INFO - \U0001f680 Pipeline started
2026-02-26 11:14:43,589 - INFO - Extracting weather data...
2026-02-26 11:14:44,006 - ERROR - \u274c Pipeline failed: 401 Client Error: Unauthorized for url: http://api.weatherapi.com/v1/current.json?key=387d6543a9709c2e774f17f811d5bd18&q=Mumbai
2026-02-26 11:15:01,742 - INFO - \U0001f680 Pipeline started
2026-02-26 11:15:01,742 - INFO - Extracting weather data...
2026-02-26 11:15:02,368 - ERROR - \u274c Pipeline failed: 401 Client Error: Unauthorized for url: http://api.weatherapi.com/v1/current.json?key=387d6543a9709c2e774f17f811d5bd18&q=Mumbai
2026-02-26 11:15:27,987 - INFO - \U0001f680 Pipeline started
2026-02-26 11:15:27,988 - INFO - Extracting weather data...
2026-02-26 11:15:28,363 - ERROR - \u274c Pipeline failed: 401 Client Error: Unauthorized for url: http://api.weatherapi.com/v1/current.json?key=387d6543a9709c2e774f17f811d5bd18&q=Mumbai
2026-02-26 11:15:40,234 - INFO - \U0001f680 Pipeline started
2026-02-26 11:15:40,235 - INFO - Extracting weather data...
2026-02-26 11:15:40,664 - ERROR - \u274c Pipeline failed: 401 Client Error: Unauthorized for url: http://api.weatherapi.com/v1/current.json?key=387d6543a9709c2e774f17f811d5bd18&q=Mumbai
2026-02-26 11:18:48,971 - INFO - \U0001f680 Pipeline started
2026-02-26 11:18:48,972 - INFO - Extracting weather data...
2026-02-26 11:18:49,701 - ERROR - \u274c Pipeline failed: WeatherAPI request failed: 401 Client Error: Unauthorized for url: https://api.weatherapi.com/v1/current.json?key=387d6543a9709c2e774f17f811d5bd18&q=Mumbai
2026-02-26 11:24:38,660 - INFO - \U0001f680 Pipeline started
2026-02-26 11:24:38,661 - INFO - Extracting weather data...
2026-02-26 11:24:39,194 - INFO - Transforming weather data...
2026-02-26 11:24:39,208 - INFO - Loading data into database...
2026-02-26 11:24:39,270 - INFO - \u2705 Pipeline completed successfully
2026-02-26 11:32:42,886 - INFO - \U0001f680 Pipeline started
2026-02-26 11:32:42,887 - INFO - Extracting weather data...
2026-02-26 11:32:43,855 - INFO - Transforming weather data...
2026-02-26 11:32:43,858 - INFO - Loading data into database...
2026-02-26 11:32:43,877 - INFO - \u2705 Pipeline completed successfully
2026-02-26 11:32:59,539 - INFO - \U0001f680 Pipeline started
2026-02-26 11:32:59,540 - INFO - Extracting weather data...
2026-02-26 11:32:59,834 - INFO - Transforming weather data...
2026-02-26 11:32:59,841 - INFO - Loading data into database...
2026-02-26 11:32:59,885 - INFO - \u2705 Pipeline completed successfully
2026-02-26 11:33:03,767 - INFO - \U0001f680 Pipeline started
2026-02-26 11:33:03,767 - INFO - Extracting weather data...
2026-02-26 11:33:04,074 - INFO - Transforming weather data...
2026-02-26 11:33:04,077 - INFO - Loading data into database...
2026-02-26 11:33:04,089 - INFO - \u2705 Pipeline completed successfully
2026-02-26 11:33:10,057 - INFO - \U0001f680 Pipeline started
2026-02-26 11:33:10,058 - INFO - Extracting weather data...
2026-02-26 11:33:10,360 - INFO - Transforming weather data...
2026-02-26 11:33:10,368 - INFO - Loading data into database...
2026-02-26 11:33:10,465 - INFO - \u2705 Pipeline completed successfully
2026-02-26 11:33:17,760 - INFO - \U0001f680 Pipeline started
2026-02-26 11:33:17,761 - INFO - Extracting weather data...
2026-02-26 11:33:18,069 - INFO - Transforming weather data...
2026-02-26 11:33:18,077 - INFO - Loading data into database...
2026-02-26 11:33:18,122 - INFO - \u2705 Pipeline completed successfully
2026-02-26 12:44:54,331 - INFO - \U0001f680 Pipeline started
2026-02-26 12:44:54,333 - INFO - Extracting weather data...
2026-02-26 12:44:54,903 - INFO - Transforming weather data...
2026-02-26 12:44:54,910 - INFO - Loading data into database...
2026-02-26 12:44:54,940 - INFO - \u2705 Pipeline completed successfully
